{"timestamp":"2025-04-07T12:53:21.846Z","level":"error","service":"stripe","message":"Nenhum ID de usuário encontrado nos metadados do cliente","metadata":{"customer":{"id":"cus_S5Q1ZaOg8bhfbh","object":"customer","address":{"city":null,"country":"BR","line1":null,"line2":null,"postal_code":null,"state":null},"balance":0,"created":1744030400,"currency":null,"default_source":null,"delinquent":false,"description":null,"discount":null,"email":"maxbuzzarello@gmail.com","invoice_prefix":"7A63B0EF","invoice_settings":{"custom_fields":null,"default_payment_method":null,"footer":null,"rendering_options":null},"livemode":false,"metadata":{},"name":"qs","next_invoice_sequence":2,"phone":null,"preferred_locales":["pt-BR"],"shipping":null,"tax_exempt":"none","test_clock":null}}}
{"timestamp":"2025-04-07T12:53:27.320Z","level":"error","service":"stripe","message":"Nenhum usuário encontrado para o cliente do Stripe","metadata":{"customerId":"cus_S5Q1ZaOg8bhfbh","customerEmail":"maxbuzzarello@gmail.com"}}
{"timestamp":"2025-04-07T14:12:46.031Z","level":"error","service":"stripe","message":"Nenhum usuário encontrado para a sessão de checkout","metadata":{"sessionId":"cs_test_a1JR77j2aFptn5oVA2CNMcQlk1grJUdqUDWQaR2TvS7TSBulLetNlVJBi2"}}
{"timestamp":"2025-04-07T14:12:46.621Z","level":"error","service":"stripe","message":"Nenhum usuário encontrado para o cliente do Stripe","metadata":{"customerId":"cus_S5RI0QPe76SGQF","customerEmail":"maxbuzzarello@gmail.com"}}
{"timestamp":"2025-04-07T14:35:59.877Z","level":"error","service":"stripe","message":"Nenhum usuário encontrado para a sessão de checkout","metadata":{"sessionId":"cs_test_a1HpkUICkSQwxyxlkV3Buob0sXdxrpmIj2R37ZRT9vcfToAk5lRfEgRt8i"}}
{"timestamp":"2025-04-07T14:36:00.553Z","level":"error","service":"stripe","message":"Nenhum usuário encontrado para o cliente do Stripe","metadata":{"customerId":"cus_S5RfPKgxwlXC2T","customerEmail":"asd@gmail.com"}}
{"timestamp":"2025-04-07T14:38:41.672Z","level":"error","service":"stripe","message":"Nenhum usuário encontrado para a sessão de checkout","metadata":{"sessionId":"cs_test_a18n0Ab9WMXqvmquyfAyodJcDN6i8vGuRRCnLwRe6VdSnt91U3V9POvdk1"}}
{"timestamp":"2025-04-07T14:38:42.199Z","level":"error","service":"stripe","message":"Nenhum usuário encontrado para o cliente do Stripe","metadata":{"customerId":"cus_S5RipUx5Ltl0S3","customerEmail":"das@gmail.com"}}
{"timestamp":"2025-04-07T14:40:51.876Z","level":"error","service":"stripe","message":"Plano não encontrado para o produto","metadata":{"productId":"il_1RBGqzBbs0yCLzPItvCVs951"}}
{"timestamp":"2025-04-07T16:32:10.239Z","level":"error","service":"stripe","message":"Plano não encontrado para o produto","metadata":{"productId":"il_1RBIagBbs0yCLzPIo8vijnbq"}}
{"timestamp":"2025-04-07T16:45:10.750Z","level":"error","service":"stripe","message":"Plano não encontrado para o produto","metadata":{"productId":"il_1RBInHBbs0yCLzPIgfFbpAm4"}}
{"timestamp":"2025-04-07T16:49:31.624Z","level":"error","service":"stripe","message":"Plano não encontrado para o produto","metadata":{"productId":"prod_S4iuAaDkOrW6jx"}}
{"timestamp":"2025-05-21T18:56:15.981Z","levelString":"[ERROR]","service":"stripe","message":"Erro ao buscar assinatura no Stripe","metadata":{"subscriptionId":"33ac3b58-6a59-4bf3-b317-64d94d24d272","error":"No such subscription: '33ac3b58-6a59-4bf3-b317-64d94d24d272'"}}
{"timestamp":"2025-05-21T18:56:16.458Z","levelString":"[ERROR]","service":"stripe","message":"Erro ao buscar assinatura no Stripe","metadata":{"subscriptionId":"33ac3b58-6a59-4bf3-b317-64d94d24d272","error":"No such subscription: '33ac3b58-6a59-4bf3-b317-64d94d24d272'"}}
{"timestamp":"2025-05-21T18:56:17.703Z","levelString":"[ERROR]","service":"stripe","message":"Erro ao buscar assinatura no Stripe","metadata":{"subscriptionId":"33ac3b58-6a59-4bf3-b317-64d94d24d272","error":"No such subscription: '33ac3b58-6a59-4bf3-b317-64d94d24d272'"}}
{"timestamp":"2025-05-21T19:01:28.906Z","levelString":"[ERROR]","service":"stripe","message":"Erro ao buscar assinatura no Stripe","metadata":{"subscriptionId":"sub_1RQq6CBbs0yCLzPIj6QQZMCQ","error":"c is not defined"}}
{"timestamp":"2025-05-21T19:01:29.221Z","levelString":"[ERROR]","service":"stripe","message":"Erro ao buscar assinatura no Stripe","metadata":{"subscriptionId":"sub_1RQq6CBbs0yCLzPIj6QQZMCQ","error":"c is not defined"}}
{"timestamp":"2025-05-22T13:24:07.180Z","levelString":"[ERROR]","service":"stripe","message":"Erro ao buscar assinatura no Stripe","metadata":{"subscriptionId":"cus_SLXAvlUYwgCAhi","error":"No such subscription: 'cus_SLXAvlUYwgCAhi'"}}
{"timestamp":"2025-05-22T13:24:20.825Z","levelString":"[ERROR]","service":"stripe","message":"Erro ao buscar assinatura no Stripe","metadata":{"error":"This property cannot be expanded (items). You may want to try expanding 'data.items' instead."}}
{"timestamp":"2025-05-22T13:24:20.915Z","levelString":"[ERROR]","service":"stripe","message":"Erro ao buscar assinatura no Stripe","metadata":{"error":"This property cannot be expanded (items). You may want to try expanding 'data.items' instead."}}
{"timestamp":"2025-05-22T13:24:21.058Z","levelString":"[ERROR]","service":"stripe","message":"Erro ao buscar assinatura no Stripe","metadata":{"error":"This property cannot be expanded (items). You may want to try expanding 'data.items' instead."}}
{"timestamp":"2025-05-22T13:39:13.653Z","levelString":"[ERROR]","service":"stripe","message":"Erro ao buscar assinatura no Stripe","metadata":{"error":"Assinatura não encontrada ou inválida no Stripe"}}
{"timestamp":"2025-05-22T13:40:05.323Z","levelString":"[ERROR]","service":"stripe","message":"Erro ao buscar assinatura no Stripe","metadata":{"error":"created is not defined"}}
{"timestamp":"2025-05-22T20:00:04.725Z","levelString":"[ERROR]","service":"stripe","message":"Error updating product metadata","metadata":{"error":"Invalid product metadata","productId":"prod_SJOG024YLTJpPS","metadata":{"features":"{\"resources\":180,\"reservations\":360,\"resource_groups\":50}"}}}
{"timestamp":"2025-05-22T20:00:25.922Z","levelString":"[ERROR]","service":"stripe","message":"Error updating product metadata","metadata":{"error":"Invalid product metadata","productId":"prod_SJOG024YLTJpPS","metadata":{"features":"{\"resources\":180,\"reservations\":360,\"resource_groups\":50}"}}}
{"timestamp":"2025-05-22T20:00:26.015Z","levelString":"[ERROR]","service":"stripe","message":"Error updating product metadata","metadata":{"error":"Invalid product metadata","productId":"prod_SJOH1c19o09YuE","metadata":{"features":"{\"resources\":180,\"reservations\":360,\"resource_groups\":50}"}}}
{"timestamp":"2025-05-22T20:00:26.057Z","levelString":"[ERROR]","service":"stripe","message":"Error updating product metadata","metadata":{"error":"Invalid product metadata","productId":"prod_SJjAP6Bv68EESW","metadata":{"features":"{\"resources\":-1,\"reservations\":1000,\"resource_groups\":100}"}}}
{"timestamp":"2025-05-22T20:00:26.130Z","levelString":"[ERROR]","service":"stripe","message":"Error updating product metadata","metadata":{"error":"Invalid product metadata","productId":"prod_SJjBEEIWmAluSy","metadata":{"features":"{\"resources\":-1,\"reservations\":1000,\"resource_groups\":100}"}}}
{"timestamp":"2025-05-22T20:00:26.189Z","levelString":"[ERROR]","service":"stripe","message":"Error updating product metadata","metadata":{"error":"Invalid product metadata","productId":"prod_SJjCcg00HJWAlo","metadata":{"features":"{\"resources\":10,\"reservations\":30,\"resource_groups\":3}"}}}
